<?xml version="1.0" encoding="UTF-8"?>
<!-- Generated by org.testng.reporters.JUnitReportReporter -->
<testsuite hostname="PSL-JK01MW2" failures="0" tests="1" name="test.LoginTest" time="2.771" errors="0" timestamp="16 Aug 2023 10:33:45 GMT">
  <testcase classname="test.LoginTest" name="Login_Banking" time="2.771"/>
</testsuite> <!-- test.LoginTest -->
